c:\users\quanf\source\repos\gas\gas\debug\vc142.pdb
c:\users\quanf\source\repos\gas\gas\debug\vc142.idb
c:\users\quanf\source\repos\gas\gas\debug\parser.obj
c:\users\quanf\source\repos\gas\gas\debug\optimizer.obj
c:\users\quanf\source\repos\gas\gas\debug\main.obj
c:\users\quanf\source\repos\gas\gas\debug\linux.obj
c:\users\quanf\source\repos\gas\gas\debug\definer.obj
c:\users\quanf\source\repos\gas\gas\debug\token.obj
c:\users\quanf\source\repos\gas\gas\debug\registers.obj
c:\users\quanf\source\repos\gas\gas\debug\back.obj
c:\users\quanf\source\repos\gas\debug\gas.exe
c:\users\quanf\source\repos\gas\debug\gas.ilk
c:\users\quanf\source\repos\gas\debug\gas.pdb
c:\users\quanf\source\repos\gas\gas\debug\back.obj.enc
c:\users\quanf\source\repos\gas\gas\debug\optimizer.new.obj.enc
c:\users\quanf\source\repos\gas\gas\debug\parser.new.obj.enc
c:\users\quanf\source\repos\gas\gas\debug\token.new.obj.enc
c:\users\quanf\source\repos\gas\gas\debug\gas.tlog\cl.command.1.tlog
c:\users\quanf\source\repos\gas\gas\debug\gas.tlog\cl.read.1.tlog
c:\users\quanf\source\repos\gas\gas\debug\gas.tlog\cl.write.1.tlog
c:\users\quanf\source\repos\gas\gas\debug\gas.tlog\link.command.1.tlog
c:\users\quanf\source\repos\gas\gas\debug\gas.tlog\link.read.1.tlog
c:\users\quanf\source\repos\gas\gas\debug\gas.tlog\link.write.1.tlog
